make.exe all --print-data-base --no-builtin-variables --no-builtin-rules --question
make.exe: *** No rule to make target 'all'.  Stop.

# GNU Make 4.2.1
# Built for x86_64-w64-mingw32
# Copyright (C) 1988-2016 Free Software Foundation, Inc.
# License GPLv3+: GNU GPL version 3 or later <http://gnu.org/licenses/gpl.html>
# This is free software: you are free to change and redistribute it.
# There is NO WARRANTY, to the extent permitted by law.

# Make data base, printed on Sat May 28 15:06:17 2022

# Variables

# 'override' directive
GNUMAKEFLAGS := 
# automatic
<D = $(patsubst %/,%,$(patsubst %\,%,$(dir $<)))
# automatic
?F = $(notdir $?)
# default
.SHELLFLAGS := -c
# makefile
MAKEFLAGS = pqrR
# environment
VSCODE_LOG_NATIVE = false
# automatic
?D = $(patsubst %/,%,$(patsubst %\,%,$(dir $?)))
# automatic
@D = $(patsubst %/,%,$(patsubst %\,%,$(dir $@)))
# environment
HOMEDRIVE = C:
# automatic
@F = $(notdir $@)
# automatic
^D = $(patsubst %/,%,$(patsubst %\,%,$(dir $^)))
# makefile
CURDIR := d:/src/checksum
# default
SHELL := sh.exe
# environment
WINDIR = C:\WINDOWS
# environment
VSCODE_NLS_CONFIG = {"locale":"zh-cn","availableLanguages":{"*":"zh-cn"},"_languagePackId":"42e84e0914b17800d483f69e299e1b00.zh-cn","_translationsConfigFile":"C:\\Users\\wenhuafeng\\AppData\\Roaming\\Code\\clp\\42e84e0914b17800d483f69e299e1b00.zh-cn\\tcf.json","_cacheRoot":"C:\\Users\\wenhuafeng\\AppData\\Roaming\\Code\\clp\\42e84e0914b17800d483f69e299e1b00.zh-cn","_resolvedLanguagePackCoreLocation":"C:\\Users\\wenhuafeng\\AppData\\Roaming\\Code\\clp\\42e84e0914b17800d483f69e299e1b00.zh-cn\\c3511e6c69bb39013c4a4b7b9566ec1ca73fc4d5","_corruptedFile":"C:\\Users\\wenhuafeng\\AppData\\Roaming\\Code\\clp\\42e84e0914b17800d483f69e299e1b00.zh-cn\\corrupted.info","_languagePackSupport":true}
# environment
VBOX_MSI_INSTALL_PATH = D:\Program Files\Oracle\VirtualBox\
# environment
ONEDRIVE = C:\Users\wenhuafeng\OneDrive
# environment
PATHEXT = .COM;.EXE;.BAT;.CMD;.VBS;.VBE;.JS;.JSE;.WSF;.WSH;.MSC;.PY;.PYW
# makefile
MAKEFILE_LIST := 
# environment
FPS_BROWSER_USER_PROFILE_STRING = Default
# environment
TMP = C:\Users\WENHUA~1\AppData\Local\Temp
# environment
VSCODE_VERBOSE_LOGGING = true
# environment
PROGRAMW6432 = C:\Program Files
# environment
PROGRAMDATA = C:\ProgramData
# environment
VSCODE_IPC_HOOK_EXTHOST = \\.\pipe\vscode-ipc-c2950ff1-b587-4ad9-a5af-796a535104c2-sock
# environment
VSCODE_CWD = D:\Program Files\Microsoft VS Code
# default
MAKE_HOST := x86_64-w64-mingw32
# environment
PATH = D:\Program Files\Python\Python310\Scripts\;D:\Program Files\Python\Python310\;D:\Program Files (x86)\STMicroelectronics\st_toolset\asm;C:\Program Files (x86)\Common Files\Oracle\Java\javapath;C:\WINDOWS\system32;C:\WINDOWS;C:\WINDOWS\System32\Wbem;C:\WINDOWS\System32\WindowsPowerShell\v1.0\;C:\WINDOWS\System32\OpenSSH\;D:\Program Files\PuTTY\;D:\Program Files\Git\cmd;D:\Program Files\CMake\bin;D:\Program Files\OpenOCD-20211118-0.11.0\bin;D:\Program Files\TortoiseGit\bin;D:\Program Files (x86)\Nordic Semiconductor\nrf-command-line-tools\bin\;D:\Program Files\mingw-w64\x86_64-8.1.0-win32-sjlj-rt_v6-rev0\mingw64\bin;C:\Program Files (x86)\stlink\bin;C:\Program Files\stlink\bin;D:\Program Files\Python\Python310;D:\Espressif\python_env\idf4.4_py3.8_env\Scripts;D:\Program Files\cloc;D:\Keil_v5\UV4;C:\Program Files (x86)\SEGGER\JLink;D:\Program Files (x86)\GNU Arm Embedded Toolchain\10 2021.10\bin;C:\Users\wenhuafeng\AppData\Local\Microsoft\WindowsApps;D:\Program Files\Microsoft VS Code\bin
# environment
COMMONPROGRAMW6432 = C:\Program Files\Common Files
# environment
PROCESSOR_ARCHITECTURE = AMD64
# environment
USERPROFILE = C:\Users\wenhuafeng
# environment
ALLUSERSPROFILE = C:\ProgramData
# environment
VSCODE_LOG_STACK = false
# environment
NUMBER_OF_PROCESSORS = 12
# environment
ELECTRON_RUN_AS_NODE = 1
# default
.FEATURES := target-specific order-only second-expansion else-if shortest-stem undefine oneshell archives jobserver output-sync
# automatic
%F = $(notdir $%)
# environment
CHROME_CRASHPAD_PIPE_NAME = \\.\pipe\crashpad_9192_QZNSPKMAIRUACVQT
# environment
VSCODE_PIPE_LOGGING = true
# environment
COMPUTERNAME = LAPTOP-PRAVS7GT
# environment
PROGRAMFILES = C:\Program Files
# default
.LOADED := 
# environment
DRIVERDATA = C:\Windows\System32\Drivers\DriverData
# environment
ORIGINAL_XDG_CURRENT_DESKTOP = undefined
# environment
USERNAME = wenhuafeng
# environment
PUBLIC = C:\Users\Public
# environment
VSCODE_AMD_ENTRYPOINT = vs/workbench/api/node/extensionHostProcess
# environment
VSCODE_CODE_CACHE_PATH = C:\Users\wenhuafeng\AppData\Roaming\Code\CachedData\c3511e6c69bb39013c4a4b7b9566ec1ca73fc4d5
# environment
APPLICATION_INSIGHTS_NO_DIAGNOSTIC_CHANNEL = 1
# environment
COMMONPROGRAMFILES = C:\Program Files\Common Files
# environment
LOGONSERVER = \\LAPTOP-PRAVS7GT
# environment
ONEDRIVECONSUMER = C:\Users\wenhuafeng\OneDrive
# environment
VSCODE_HANDLES_UNCAUGHT_ERRORS = true
# environment
USERDOMAIN = LAPTOP-PRAVS7GT
# environment
MAKELEVEL := 0
# default
MAKE = $(MAKE_COMMAND)
# default
MAKECMDGOALS := all
# default
MAKE_VERSION := 4.2.1
# makefile
.DEFAULT_GOAL := 
# environment
PROGRAMFILES(X86) = C:\Program Files (x86)
# automatic
%D = $(patsubst %/,%,$(patsubst %\,%,$(dir $%)))
# environment
LOCALAPPDATA = C:\Users\wenhuafeng\AppData\Local
# environment
PSMODULEPATH = C:\Program Files\WindowsPowerShell\Modules;C:\WINDOWS\system32\WindowsPowerShell\v1.0\Modules
# default
MAKE_COMMAND := make.exe
# default
.VARIABLES := 
# automatic
*F = $(notdir $*)
# environment
PROCESSOR_IDENTIFIER = AMD64 Family 23 Model 96 Stepping 1, AuthenticAMD
# environment
OS = Windows_NT
# environment
VSCODE_IPC_HOOK = \\.\pipe\d0f9ff90f2b0f15191b4ed40651aea96-1.67.2-main-sock
# environment
HOMEPATH = \Users\wenhuafeng
# environment
COMMONPROGRAMFILES(X86) = C:\Program Files (x86)\Common Files
# environment
PROMPT = $P$G
# environment
MFLAGS = -pqrR
# automatic
*D = $(patsubst %/,%,$(patsubst %\,%,$(dir $*)))
# environment
SYSTEMROOT = C:\WINDOWS
# automatic
+D = $(patsubst %/,%,$(patsubst %\,%,$(dir $+)))
# automatic
+F = $(notdir $+)
# environment
APPDATA = C:\Users\wenhuafeng\AppData\Roaming
# environment
TEMP = C:\Users\WENHUA~1\AppData\Local\Temp
# environment
COMSPEC = C:\WINDOWS\system32\cmd.exe
# default
MAKEFILES := 
# environment
IDF_TOOLS_PATH = D:\Espressif
# automatic
<F = $(notdir $<)
# environment
LC_ALL = C
# automatic
^F = $(notdir $^)
# default
SUFFIXES := 
# environment
SYSTEMDRIVE = C:
# environment
SESSIONNAME = Console
# environment
PROCESSOR_REVISION = 6001
# default
.RECIPEPREFIX := 
# environment
LANG = C
# environment
PROCESSOR_LEVEL = 23
# environment
FPS_BROWSER_APP_PROFILE_STRING = Internet Explorer
# environment
VSCODE_PID = 9192
# environment
USERDOMAIN_ROAMINGPROFILE = LAPTOP-PRAVS7GT
# variable set hash-table stats:
# Load=95/1024=9%, Rehash=0, Collisions=15/113=13%

# Pattern-specific Variable Values

# No pattern-specific variable values.

# Directories

# . (key d:/src/checksum, mtime 1652963670): 12 files, no impossibilities.

# 12 files, no impossibilities in 1 directories.

# Implicit Rules

# No implicit rules.

# Files

# Not a target:
all:
#  Command line target.
#  Implicit rule search has been done.
#  File does not exist.
#  File has not been updated.

# Not a target:
Makefile:
#  Implicit rule search has been done.
#  File does not exist.
#  File has been updated.
#  Failed to be updated.

# Not a target:
makefile:
#  Implicit rule search has been done.
#  File does not exist.
#  File has been updated.
#  Failed to be updated.

# Not a target:
makefile.mak:
#  Implicit rule search has been done.
#  File does not exist.
#  File has been updated.
#  Failed to be updated.

# Not a target:
.DEFAULT:
#  Implicit rule search has not been done.
#  Modification time never checked.
#  File has not been updated.

# Not a target:
GNUmakefile:
#  Implicit rule search has been done.
#  File does not exist.
#  File has been updated.
#  Failed to be updated.

# files hash-table stats:
# Load=7/1024=1%, Rehash=0, Collisions=0/16=0%
# VPATH Search Paths

# No 'vpath' search paths.

# No general ('VPATH' variable) search path.

# strcache buffers: 1 (0) / strings = 19 / storage = 153 B / avg = 8 B
# current buf: size = 8162 B / used = 153 B / count = 19 / avg = 8 B

# strcache performance: lookups = 21 / hit rate = 9%
# hash-table stats:
# Load=19/8192=0%, Rehash=0, Collisions=1/21=5%
# Finished Make data base on Sat May 28 15:06:17 2022

 
